<?xml version="1.0" encoding="UTF-8"?>
<!-- Generated by org.testng.reporters.JUnitXMLReporter -->
<testsuite hostname="vimal" ignored="2" name="week15-maven-herokuapp.internet-vimalp" tests="1" failures="0" timestamp="2022-12-12T18:44:13 GMT" time="5.97" errors="0">
  <testcase name="UserShouldLoginSuccessfullyWithValidCredentials" time="0.716" classname="com.herokuapp.internet.testsuit.LoginTest"/>
  <testcase name="verifyTheUsernameErrorMessage" time="0.0" classname="com.herokuapp.internet.testsuit.LoginTest">
    <ignored/>
  </testcase> <!-- verifyTheUsernameErrorMessage -->
  <testcase name="verifyThePasswordErrorMessage" time="0.0" classname="com.herokuapp.internet.testsuit.LoginTest">
    <ignored/>
  </testcase> <!-- verifyThePasswordErrorMessage -->
</testsuite> <!-- week15-maven-herokuapp.internet-vimalp -->
